<?xml version="1.0" encoding="UTF-8"?>
<robot generator="Robot 6.0.2 (Python 3.11.0 on win32)" generated="20230424 19:02:50.106" rpa="false" schemaversion="3">
<suite id="s1" name="Simple" source="C:\Users\User\Documents\Year3\Semester2\SE2\sec1_Group7_Tourister\testrobot\testcases\simple.robot">
<test id="s1-t1" name="Verify registration form with all input field" line="8">
<kw name="Open Browser" library="SeleniumLibrary">
<arg>http://localhost:3000/register</arg>
<arg>chrome</arg>
<doc>Opens a new browser instance to the optional ``url``.</doc>
<msg timestamp="20230424 19:02:50.463" level="INFO">Opening browser 'chrome' to base url 'http://localhost:3000/register'.</msg>
<status status="PASS" starttime="20230424 19:02:50.461" endtime="20230424 19:02:57.253"/>
</kw>
<kw name="Wait Until Element Contains" library="SeleniumLibrary">
<arg>//*[@id='header01']</arg>
<arg>REGISTRATION</arg>
<doc>Waits until the element ``locator`` contains ``text``.</doc>
<status status="PASS" starttime="20230424 19:02:57.254" endtime="20230424 19:02:57.330"/>
</kw>
<kw name="Input Text" library="SeleniumLibrary">
<arg>//*[@id=':R8km:']</arg>
<arg>studentFirstName</arg>
<doc>Types the given ``text`` into the text field identified by ``locator``.</doc>
<msg timestamp="20230424 19:02:57.332" level="INFO">Typing text 'studentFirstName' into text field '//*[@id=':R8km:']'.</msg>
<status status="PASS" starttime="20230424 19:02:57.331" endtime="20230424 19:02:57.513"/>
</kw>
<kw name="Get Value" library="SeleniumLibrary">
<var>${firstname}</var>
<arg>//*[@id=':R8km:']</arg>
<doc>Returns the value attribute of the element identified by ``locator``.</doc>
<msg timestamp="20230424 19:02:57.539" level="INFO">${firstname} = studentFirstName</msg>
<status status="PASS" starttime="20230424 19:02:57.514" endtime="20230424 19:02:57.539"/>
</kw>
<kw name="Should Be Equal" library="BuiltIn">
<arg>${firstname}</arg>
<arg>studentFirstName</arg>
<doc>Fails if the given objects are unequal.</doc>
<status status="PASS" starttime="20230424 19:02:57.540" endtime="20230424 19:02:57.540"/>
</kw>
<kw name="Close All Browsers" library="SeleniumLibrary" type="TEARDOWN">
<doc>Closes all open browsers and resets the browser cache.</doc>
<status status="PASS" starttime="20230424 19:02:57.541" endtime="20230424 19:03:03.840"/>
</kw>
<tag>All Input</tag>
<status status="PASS" starttime="20230424 19:02:50.459" endtime="20230424 19:03:03.841"/>
</test>
<test id="s1-t2" name="Verify firstName input" line="18">
<kw name="Open browser registration form" library="register">
<kw name="Open Browser" library="SeleniumLibrary">
<arg>${WEB_URL}</arg>
<arg>${WEB_BROWSER}</arg>
<doc>Opens a new browser instance to the optional ``url``.</doc>
<msg timestamp="20230424 19:03:03.844" level="INFO">Opening browser 'chrome' to base url 'http://localhost:3000/register'.</msg>
<status status="PASS" starttime="20230424 19:03:03.844" endtime="20230424 19:03:09.742"/>
</kw>
<kw name="Maximize Browser Window" library="SeleniumLibrary">
<doc>Maximizes current browser window.</doc>
<status status="PASS" starttime="20230424 19:03:09.743" endtime="20230424 19:03:09.990"/>
</kw>
<kw name="Sleep" library="BuiltIn">
<arg>1</arg>
<doc>Pauses the test executed for the given time.</doc>
<msg timestamp="20230424 19:03:10.991" level="INFO">Slept 1 second</msg>
<status status="PASS" starttime="20230424 19:03:09.990" endtime="20230424 19:03:10.991"/>
</kw>
<status status="PASS" starttime="20230424 19:03:03.843" endtime="20230424 19:03:10.991"/>
</kw>
<kw name="Wait registration load complete" library="register">
<kw name="Wait Until Element Contains" library="SeleniumLibrary">
<arg>//*[@id='header01']</arg>
<arg>${test_data_form_name}</arg>
<doc>Waits until the element ``locator`` contains ``text``.</doc>
<status status="PASS" starttime="20230424 19:03:10.992" endtime="20230424 19:03:11.028"/>
</kw>
<status status="PASS" starttime="20230424 19:03:10.991" endtime="20230424 19:03:11.028"/>
</kw>
<kw name="Input and verify firstname" library="register">
<kw name="Input Text" library="SeleniumLibrary">
<arg>//*[@id=':R8km:']</arg>
<arg>${test_data_firstname}</arg>
<doc>Types the given ``text`` into the text field identified by ``locator``.</doc>
<msg timestamp="20230424 19:03:11.030" level="INFO">Typing text 'firstName' into text field '//*[@id=':R8km:']'.</msg>
<status status="PASS" starttime="20230424 19:03:11.029" endtime="20230424 19:03:11.190"/>
</kw>
<kw name="Get Value" library="SeleniumLibrary">
<var>${firstname}</var>
<arg>//*[@id=':R8km:']</arg>
<doc>Returns the value attribute of the element identified by ``locator``.</doc>
<msg timestamp="20230424 19:03:11.210" level="INFO">${firstname} = firstName</msg>
<status status="PASS" starttime="20230424 19:03:11.190" endtime="20230424 19:03:11.210"/>
</kw>
<kw name="Should Be Equal" library="BuiltIn">
<arg>${firstname}</arg>
<arg>${test_data_firstname}</arg>
<doc>Fails if the given objects are unequal.</doc>
<status status="PASS" starttime="20230424 19:03:11.210" endtime="20230424 19:03:11.211"/>
</kw>
<status status="PASS" starttime="20230424 19:03:11.029" endtime="20230424 19:03:11.211"/>
</kw>
<kw name="Reload Page" library="SeleniumLibrary">
<doc>Simulates user reloading page.</doc>
<status status="PASS" starttime="20230424 19:03:11.212" endtime="20230424 19:03:14.807"/>
</kw>
<kw name="Close All Browsers" library="SeleniumLibrary" type="TEARDOWN">
<doc>Closes all open browsers and resets the browser cache.</doc>
<status status="PASS" starttime="20230424 19:03:14.807" endtime="20230424 19:03:21.087"/>
</kw>
<tag>valid</tag>
<status status="PASS" starttime="20230424 19:03:03.842" endtime="20230424 19:03:21.087"/>
</test>
<test id="s1-t3" name="Verify password confirm" line="25">
<kw name="Open browser registration form" library="register">
<kw name="Open Browser" library="SeleniumLibrary">
<arg>${WEB_URL}</arg>
<arg>${WEB_BROWSER}</arg>
<doc>Opens a new browser instance to the optional ``url``.</doc>
<msg timestamp="20230424 19:03:21.091" level="INFO">Opening browser 'chrome' to base url 'http://localhost:3000/register'.</msg>
<status status="PASS" starttime="20230424 19:03:21.091" endtime="20230424 19:03:26.394"/>
</kw>
<kw name="Maximize Browser Window" library="SeleniumLibrary">
<doc>Maximizes current browser window.</doc>
<status status="PASS" starttime="20230424 19:03:26.395" endtime="20230424 19:03:26.541"/>
</kw>
<kw name="Sleep" library="BuiltIn">
<arg>1</arg>
<doc>Pauses the test executed for the given time.</doc>
<msg timestamp="20230424 19:03:27.541" level="INFO">Slept 1 second</msg>
<status status="PASS" starttime="20230424 19:03:26.541" endtime="20230424 19:03:27.541"/>
</kw>
<status status="PASS" starttime="20230424 19:03:21.091" endtime="20230424 19:03:27.541"/>
</kw>
<kw name="Wait registration load complete" library="register">
<kw name="Wait Until Element Contains" library="SeleniumLibrary">
<arg>//*[@id='header01']</arg>
<arg>${test_data_form_name}</arg>
<doc>Waits until the element ``locator`` contains ``text``.</doc>
<status status="PASS" starttime="20230424 19:03:27.542" endtime="20230424 19:03:27.572"/>
</kw>
<status status="PASS" starttime="20230424 19:03:27.542" endtime="20230424 19:03:27.572"/>
</kw>
<kw name="Input and verify confirm password" library="register">
<kw name="Input Text" library="SeleniumLibrary">
<arg>//*[@id=':R9sm:']</arg>
<arg>${test_data_password}</arg>
<doc>Types the given ``text`` into the text field identified by ``locator``.</doc>
<msg timestamp="20230424 19:03:27.573" level="INFO">Typing text 'test12345' into text field '//*[@id=':R9sm:']'.</msg>
<status status="PASS" starttime="20230424 19:03:27.572" endtime="20230424 19:03:27.725"/>
</kw>
<kw name="Get Value" library="SeleniumLibrary">
<var>${confirm_password}</var>
<arg>//*[@id=':R9sm:']</arg>
<doc>Returns the value attribute of the element identified by ``locator``.</doc>
<msg timestamp="20230424 19:03:27.746" level="INFO">${confirm_password} = test12345</msg>
<status status="PASS" starttime="20230424 19:03:27.725" endtime="20230424 19:03:27.746"/>
</kw>
<kw name="Should Be Equal" library="BuiltIn">
<arg>${confirm_password}</arg>
<arg>${test_data_password}</arg>
<doc>Fails if the given objects are unequal.</doc>
<status status="PASS" starttime="20230424 19:03:27.746" endtime="20230424 19:03:27.746"/>
</kw>
<status status="PASS" starttime="20230424 19:03:27.572" endtime="20230424 19:03:27.746"/>
</kw>
<kw name="Reload Page" library="SeleniumLibrary">
<doc>Simulates user reloading page.</doc>
<status status="PASS" starttime="20230424 19:03:27.746" endtime="20230424 19:03:31.324"/>
</kw>
<kw name="Close All Browsers" library="SeleniumLibrary" type="TEARDOWN">
<doc>Closes all open browsers and resets the browser cache.</doc>
<status status="PASS" starttime="20230424 19:03:31.325" endtime="20230424 19:03:37.587"/>
</kw>
<tag>valid</tag>
<status status="PASS" starttime="20230424 19:03:21.090" endtime="20230424 19:03:37.588"/>
</test>
<test id="s1-t4" name="Verify firstname register" line="32">
<kw name="Open browser registration form" library="register">
<kw name="Open Browser" library="SeleniumLibrary">
<arg>${WEB_URL}</arg>
<arg>${WEB_BROWSER}</arg>
<doc>Opens a new browser instance to the optional ``url``.</doc>
<msg timestamp="20230424 19:03:37.592" level="INFO">Opening browser 'chrome' to base url 'http://localhost:3000/register'.</msg>
<status status="PASS" starttime="20230424 19:03:37.591" endtime="20230424 19:03:42.850"/>
</kw>
<kw name="Maximize Browser Window" library="SeleniumLibrary">
<doc>Maximizes current browser window.</doc>
<status status="PASS" starttime="20230424 19:03:42.850" endtime="20230424 19:03:43.029"/>
</kw>
<kw name="Sleep" library="BuiltIn">
<arg>1</arg>
<doc>Pauses the test executed for the given time.</doc>
<msg timestamp="20230424 19:03:44.031" level="INFO">Slept 1 second</msg>
<status status="PASS" starttime="20230424 19:03:43.029" endtime="20230424 19:03:44.031"/>
</kw>
<status status="PASS" starttime="20230424 19:03:37.591" endtime="20230424 19:03:44.031"/>
</kw>
<kw name="Wait registration load complete" library="register">
<kw name="Wait Until Element Contains" library="SeleniumLibrary">
<arg>//*[@id='header01']</arg>
<arg>${test_data_form_name}</arg>
<doc>Waits until the element ``locator`` contains ``text``.</doc>
<status status="PASS" starttime="20230424 19:03:44.032" endtime="20230424 19:03:44.059"/>
</kw>
<status status="PASS" starttime="20230424 19:03:44.032" endtime="20230424 19:03:44.059"/>
</kw>
<kw name="Verify firstname is empty" library="register">
<kw name="Get Value" library="SeleniumLibrary">
<var>${firstname}</var>
<arg>//*[@id=':R8km:']</arg>
<doc>Returns the value attribute of the element identified by ``locator``.</doc>
<msg timestamp="20230424 19:03:44.089" level="INFO">${firstname} = </msg>
<status status="PASS" starttime="20230424 19:03:44.059" endtime="20230424 19:03:44.089"/>
</kw>
<kw name="Should Be Equal" library="BuiltIn">
<arg>${firstname}</arg>
<arg>${EMPTY}</arg>
<doc>Fails if the given objects are unequal.</doc>
<status status="PASS" starttime="20230424 19:03:44.089" endtime="20230424 19:03:44.090"/>
</kw>
<status status="PASS" starttime="20230424 19:03:44.059" endtime="20230424 19:03:44.090"/>
</kw>
<kw name="Click submit application" library="register">
<kw name="Click Element" library="common">
<arg>//*[@id='submitbtn']</arg>
<doc>${locator} - could be any selenium locator and webelement object
${timeout} - &lt;optional&gt;
Make sure that 15 can be accessed globally</doc>
<kw name="Wait Until Element Is Visible" library="SeleniumLibrary">
<arg>${locator}</arg>
<arg>timeout=${timeout}</arg>
<doc>Waits until the element ``locator`` is visible.</doc>
<status status="PASS" starttime="20230424 19:03:44.092" endtime="20230424 19:03:44.123"/>
</kw>
<kw name="Click Element" library="SeleniumLibrary">
<arg>${locator}</arg>
<doc>Click the element identified by ``locator``.</doc>
<msg timestamp="20230424 19:03:44.124" level="INFO">Clicking element '//*[@id='submitbtn']'.</msg>
<status status="PASS" starttime="20230424 19:03:44.123" endtime="20230424 19:03:44.208"/>
</kw>
<status status="PASS" starttime="20230424 19:03:44.092" endtime="20230424 19:03:44.208"/>
</kw>
<status status="PASS" starttime="20230424 19:03:44.091" endtime="20230424 19:03:44.208"/>
</kw>
<kw name="Verify firstname display error empty message" library="register">
<kw name="Wait Until Element Contains" library="SeleniumLibrary">
<arg>//*[@id=':R8km:-helper-text']</arg>
<arg>Please enter your name</arg>
<doc>Waits until the element ``locator`` contains ``text``.</doc>
<status status="PASS" starttime="20230424 19:03:44.209" endtime="20230424 19:03:44.241"/>
</kw>
<status status="PASS" starttime="20230424 19:03:44.209" endtime="20230424 19:03:44.241"/>
</kw>
<kw name="Reload Page" library="SeleniumLibrary">
<doc>Simulates user reloading page.</doc>
<status status="PASS" starttime="20230424 19:03:44.242" endtime="20230424 19:03:47.615"/>
</kw>
<kw name="Close All Browsers" library="SeleniumLibrary" type="TEARDOWN">
<doc>Closes all open browsers and resets the browser cache.</doc>
<status status="PASS" starttime="20230424 19:03:47.616" endtime="20230424 19:03:53.892"/>
</kw>
<tag>invalid</tag>
<status status="PASS" starttime="20230424 19:03:37.590" endtime="20230424 19:03:53.893"/>
</test>
<status status="PASS" starttime="20230424 19:02:50.110" endtime="20230424 19:03:53.895"/>
</suite>
<statistics>
<total>
<stat pass="4" fail="0" skip="0">All Tests</stat>
</total>
<tag>
<stat pass="1" fail="0" skip="0">All Input</stat>
<stat pass="1" fail="0" skip="0">invalid</stat>
<stat pass="2" fail="0" skip="0">valid</stat>
</tag>
<suite>
<stat pass="4" fail="0" skip="0" id="s1" name="Simple">Simple</stat>
</suite>
</statistics>
<errors>
<msg timestamp="20230424 19:02:50.442" level="ERROR">Error in file 'C:\Users\User\Documents\Year3\Semester2\SE2\sec1_Group7_Tourister\testrobot\keywords\register.robot' on line 113: Creating keyword 'Verify email error empty message' failed: Keyword with same name defined multiple times.</msg>
</errors>
</robot>
